<?xml version="1.0" encoding="UTF-8"?>
<testsuites name="TestSuite1" time="51.813" tests="4" failures="1" errors="0">
   <testsuite name="TestSuite1" tests="4" failures="1" errors="0" time="51.813" skipped="0" timestamp="2023-01-11 10:18:58" hostname="JJabay - ALJJabay1.Arcanys.com" id="Test Suites/TestSuite1">
      <properties>
         <property name="deviceName" value=""/>
         <property name="devicePlatform" value=""/>
         <property name="logFolder" value="C:\\Users\\jjabay\\Katalon Studio\\API Demo Project 1\\Reports\\20230111_101832\\TestSuite1\\20230111_101832"/>
         <property name="logFiles" value="C:\\Users\\jjabay\\Katalon Studio\\API Demo Project 1\\Reports\\20230111_101832\\TestSuite1\\20230111_101832\\execution0.log"/>
         <property name="attachments" value=""/>
         <property name="hostName" value="JJabay - ALJJabay1.Arcanys.com"/>
         <property name="hostAddress" value="192.168.1.5"/>
         <property name="os" value="Windows 10 64bit"/>
         <property name="katalonVersion" value="8.5.5.208"/>
      </properties>
      <testcase name="Test Cases/CalculatorTest/Addition" time="9.1" classname="Test Cases/CalculatorTest/Addition" status="FAILED">
         <failure type="FAILED" message="Test Cases/CalculatorTest/Addition FAILED.
Reason:
com.kms.katalon.core.exception.StepFailedException: Expected element property value '5' is not equal with actual property value '6'
	at com.kms.katalon.core.keyword.internal.KeywordMain.stepFailed(KeywordMain.groovy:50)
	at com.kms.katalon.core.webservice.keyword.builtin.VerifyElementPropertyValueKeyword$_verifyElementPropertyValue_closure1.doCall(VerifyElementPropertyValueKeyword.groovy:56)
	at com.kms.katalon.core.webservice.keyword.builtin.VerifyElementPropertyValueKeyword$_verifyElementPropertyValue_closure1.call(VerifyElementPropertyValueKeyword.groovy)
	at com.kms.katalon.core.keyword.internal.KeywordMain.runKeyword(KeywordMain.groovy:74)
	at com.kms.katalon.core.webservice.keyword.builtin.VerifyElementPropertyValueKeyword.verifyElementPropertyValue(VerifyElementPropertyValueKeyword.groovy:48)
	at com.kms.katalon.core.webservice.keyword.builtin.VerifyElementPropertyValueKeyword.execute(VerifyElementPropertyValueKeyword.groovy:43)
	at com.kms.katalon.core.keyword.internal.KeywordExecutor.executeKeywordForPlatform(KeywordExecutor.groovy:74)
	at com.kms.katalon.core.webservice.keyword.WSBuiltInKeywords.verifyElementPropertyValue(WSBuiltInKeywords.groovy:190)
	at com.kms.katalon.core.webservice.keyword.WSBuiltInKeywords$verifyElementPropertyValue$2.call(Unknown Source)
	at Addition.run(Addition:24)
	at com.kms.katalon.core.main.ScriptEngine.run(ScriptEngine.java:194)
	at com.kms.katalon.core.main.ScriptEngine.runScriptAsRawText(ScriptEngine.java:119)
	at com.kms.katalon.core.main.TestCaseExecutor.runScript(TestCaseExecutor.java:448)
	at com.kms.katalon.core.main.TestCaseExecutor.doExecute(TestCaseExecutor.java:439)
	at com.kms.katalon.core.main.TestCaseExecutor.processExecutionPhase(TestCaseExecutor.java:418)
	at com.kms.katalon.core.main.TestCaseExecutor.accessMainPhase(TestCaseExecutor.java:410)
	at com.kms.katalon.core.main.TestCaseExecutor.execute(TestCaseExecutor.java:285)
	at com.kms.katalon.core.main.TestCaseExecutor.execute(TestCaseExecutor.java:369)
	at com.kms.katalon.core.main.TestCaseExecutor.execute(TestCaseExecutor.java:369)
	at com.kms.katalon.core.main.TestCaseExecutor.execute(TestCaseExecutor.java:369)
	at com.kms.katalon.core.common.CommonExecutor.accessTestCaseMainPhase(CommonExecutor.java:65)
	at com.kms.katalon.core.main.TestSuiteExecutor.accessTestSuiteMainPhase(TestSuiteExecutor.java:151)
	at com.kms.katalon.core.main.TestSuiteExecutor.execute(TestSuiteExecutor.java:106)
	at com.kms.katalon.core.main.TestCaseMain.startTestSuite(TestCaseMain.java:185)
	at com.kms.katalon.core.main.TestCaseMain$startTestSuite$0.call(Unknown Source)
	at TempTestSuite1673403512200.run(TempTestSuite1673403512200.groovy:36)
"/>
         <system-out><![CDATA[2023-01-11 10:19:20 - [TEST_CASE][FAILED] - Test Cases/CalculatorTest/Addition: Test Cases/CalculatorTest/Addition FAILED.
Reason:
com.kms.katalon.core.exception.StepFailedException: Expected element property value '5' is not equal with actual property value '6'
	at com.kms.katalon.core.keyword.internal.KeywordMain.stepFailed(KeywordMain.groovy:50)
	at com.kms.katalon.core.webservice.keyword.builtin.VerifyElementPropertyValueKeyword$_verifyElementPropertyValue_closure1.doCall(VerifyElementPropertyValueKeyword.groovy:56)
	at com.kms.katalon.core.webservice.keyword.builtin.VerifyElementPropertyValueKeyword$_verifyElementPropertyValue_closure1.call(VerifyElementPropertyValueKeyword.groovy)
	at com.kms.katalon.core.keyword.internal.KeywordMain.runKeyword(KeywordMain.groovy:74)
	at com.kms.katalon.core.webservice.keyword.builtin.VerifyElementPropertyValueKeyword.verifyElementPropertyValue(VerifyElementPropertyValueKeyword.groovy:48)
	at com.kms.katalon.core.webservice.keyword.builtin.VerifyElementPropertyValueKeyword.execute(VerifyElementPropertyValueKeyword.groovy:43)
	at com.kms.katalon.core.keyword.internal.KeywordExecutor.executeKeywordForPlatform(KeywordExecutor.groovy:74)
	at com.kms.katalon.core.webservice.keyword.WSBuiltInKeywords.verifyElementPropertyValue(WSBuiltInKeywords.groovy:190)
	at com.kms.katalon.core.webservice.keyword.WSBuiltInKeywords$verifyElementPropertyValue$2.call(Unknown Source)
	at Addition.run(Addition:24)
	at com.kms.katalon.core.main.ScriptEngine.run(ScriptEngine.java:194)
	at com.kms.katalon.core.main.ScriptEngine.runScriptAsRawText(ScriptEngine.java:119)
	at com.kms.katalon.core.main.TestCaseExecutor.runScript(TestCaseExecutor.java:448)
	at com.kms.katalon.core.main.TestCaseExecutor.doExecute(TestCaseExecutor.java:439)
	at com.kms.katalon.core.main.TestCaseExecutor.processExecutionPhase(TestCaseExecutor.java:418)
	at com.kms.katalon.core.main.TestCaseExecutor.accessMainPhase(TestCaseExecutor.java:410)
	at com.kms.katalon.core.main.TestCaseExecutor.execute(TestCaseExecutor.java:285)
	at com.kms.katalon.core.main.TestCaseExecutor.execute(TestCaseExecutor.java:369)
	at com.kms.katalon.core.main.TestCaseExecutor.execute(TestCaseExecutor.java:369)
	at com.kms.katalon.core.main.TestCaseExecutor.execute(TestCaseExecutor.java:369)
	at com.kms.katalon.core.common.CommonExecutor.accessTestCaseMainPhase(CommonExecutor.java:65)
	at com.kms.katalon.core.main.TestSuiteExecutor.accessTestSuiteMainPhase(TestSuiteExecutor.java:151)
	at com.kms.katalon.core.main.TestSuiteExecutor.execute(TestSuiteExecutor.java:106)
	at com.kms.katalon.core.main.TestCaseMain.startTestSuite(TestCaseMain.java:185)
	at com.kms.katalon.core.main.TestCaseMain$startTestSuite$0.call(Unknown Source)
	at TempTestSuite1673403512200.run(TempTestSuite1673403512200.groovy:36)


2023-01-11 10:19:20 - [TEST_STEP][PASSED] - response = sendRequest(findTestObject("CalculatorSoapService/Addition")): Send request successfully

2023-01-11 10:19:21 - [MESSAGE][INFO] - HAR: C:\Users\jjabay\Katalon Studio\API Demo Project 1\Reports\20230111_101832\TestSuite1\20230111_101832\requests\main\6.har

2023-01-11 10:19:21 - [MESSAGE][PASSED] - Send request successfully

2023-01-11 10:19:21 - [TEST_STEP][PASSED] - response = sendRequestAndVerify(findTestObject("CalculatorSoapService/Addition")): Send request and verify the response successfully

2023-01-11 10:19:28 - [MESSAGE][INFO] - HAR: C:\Users\jjabay\Katalon Studio\API Demo Project 1\Reports\20230111_101832\TestSuite1\20230111_101832\requests\main\7.har

2023-01-11 10:19:28 - [TEST_CASE][PASSED] - Start Test Case : Verification: Verification accomplished successfully

2023-01-11 10:19:29 - [TEST_STEP][PASSED] - request = getInstance().getCurrentRequest(): null

2023-01-11 10:19:29 - [TEST_STEP][PASSED] - response = getInstance().getCurrentResponse(): null

2023-01-11 10:19:29 - [TEST_STEP][PASSED] - getResponseText()).contains("AddResult"): null

2023-01-11 10:19:29 - [TEST_STEP][PASSED] - verifyResponseStatusCode(response, 200): Verify response status code successfully

2023-01-11 10:19:29 - [MESSAGE][PASSED] - Verify response status code successfully

2023-01-11 10:19:29 - [TEST_STEP][PASSED] - getStatusCode()).isEqualTo(200): null

2023-01-11 10:19:29 - [TEST_STEP][PASSED] - verifyElementPropertyValue(response, "AddResponse.AddResult", "6"): Verify element property value successfully

2023-01-11 10:19:29 - [MESSAGE][PASSED] - Verify element property value successfully

2023-01-11 10:19:29 - [MESSAGE][PASSED] - Verify response successfully

2023-01-11 10:19:29 - [MESSAGE][PASSED] - All validation steps have been passed

2023-01-11 10:19:29 - [MESSAGE][PASSED] - Send request and verify the response successfully

2023-01-11 10:19:29 - [TEST_STEP][FAILED] - verifyElementPropertyValue(response, "AddResponse.AddResult", "5"): Unable to verify element property value (Root cause: com.kms.katalon.core.exception.StepFailedException: Expected element property value '5' is not equal with actual property value '6'
	at com.kms.katalon.core.keyword.internal.KeywordMain.stepFailed(KeywordMain.groovy:50)
	at com.kms.katalon.core.webservice.keyword.builtin.VerifyElementPropertyValueKeyword$_verifyElementPropertyValue_closure1.doCall(VerifyElementPropertyValueKeyword.groovy:56)
	at com.kms.katalon.core.webservice.keyword.builtin.VerifyElementPropertyValueKeyword$_verifyElementPropertyValue_closure1.call(VerifyElementPropertyValueKeyword.groovy)
	at com.kms.katalon.core.keyword.internal.KeywordMain.runKeyword(KeywordMain.groovy:74)
	at com.kms.katalon.core.webservice.keyword.builtin.VerifyElementPropertyValueKeyword.verifyElementPropertyValue(VerifyElementPropertyValueKeyword.groovy:48)
	at com.kms.katalon.core.webservice.keyword.builtin.VerifyElementPropertyValueKeyword.execute(VerifyElementPropertyValueKeyword.groovy:43)
	at com.kms.katalon.core.keyword.internal.KeywordExecutor.executeKeywordForPlatform(KeywordExecutor.groovy:74)
	at com.kms.katalon.core.webservice.keyword.WSBuiltInKeywords.verifyElementPropertyValue(WSBuiltInKeywords.groovy:190)
	at com.kms.katalon.core.webservice.keyword.WSBuiltInKeywords$verifyElementPropertyValue$2.call(Unknown Source)
	at Addition.run(Addition:24)
	at com.kms.katalon.core.main.ScriptEngine.run(ScriptEngine.java:194)
	at com.kms.katalon.core.main.ScriptEngine.runScriptAsRawText(ScriptEngine.java:119)
	at com.kms.katalon.core.main.TestCaseExecutor.runScript(TestCaseExecutor.java:448)
	at com.kms.katalon.core.main.TestCaseExecutor.doExecute(TestCaseExecutor.java:439)
	at com.kms.katalon.core.main.TestCaseExecutor.processExecutionPhase(TestCaseExecutor.java:418)
	at com.kms.katalon.core.main.TestCaseExecutor.accessMainPhase(TestCaseExecutor.java:410)
	at com.kms.katalon.core.main.TestCaseExecutor.execute(TestCaseExecutor.java:285)
	at com.kms.katalon.core.main.TestCaseExecutor.execute(TestCaseExecutor.java:369)
	at com.kms.katalon.core.main.TestCaseExecutor.execute(TestCaseExecutor.java:369)
	at com.kms.katalon.core.main.TestCaseExecutor.execute(TestCaseExecutor.java:369)
	at com.kms.katalon.core.common.CommonExecutor.accessTestCaseMainPhase(CommonExecutor.java:65)
	at com.kms.katalon.core.main.TestSuiteExecutor.accessTestSuiteMainPhase(TestSuiteExecutor.java:151)
	at com.kms.katalon.core.main.TestSuiteExecutor.execute(TestSuiteExecutor.java:106)
	at com.kms.katalon.core.main.TestCaseMain.startTestSuite(TestCaseMain.java:185)
	at com.kms.katalon.core.main.TestCaseMain$startTestSuite$0.call(Unknown Source)
	at TempTestSuite1673403512200.run(TempTestSuite1673403512200.groovy:36)
)

2023-01-11 10:19:29 - [MESSAGE][FAILED] - Expected element property value '5' is not equal with actual property value '6'

2023-01-11 10:19:29 - [MESSAGE][FAILED] - Unable to verify element property value (Root cause: com.kms.katalon.core.exception.StepFailedException: Expected element property value '5' is not equal with actual property value '6'
	at com.kms.katalon.core.keyword.internal.KeywordMain.stepFailed(KeywordMain.groovy:50)
	at com.kms.katalon.core.webservice.keyword.builtin.VerifyElementPropertyValueKeyword$_verifyElementPropertyValue_closure1.doCall(VerifyElementPropertyValueKeyword.groovy:56)
	at com.kms.katalon.core.webservice.keyword.builtin.VerifyElementPropertyValueKeyword$_verifyElementPropertyValue_closure1.call(VerifyElementPropertyValueKeyword.groovy)
	at com.kms.katalon.core.keyword.internal.KeywordMain.runKeyword(KeywordMain.groovy:74)
	at com.kms.katalon.core.webservice.keyword.builtin.VerifyElementPropertyValueKeyword.verifyElementPropertyValue(VerifyElementPropertyValueKeyword.groovy:48)
	at com.kms.katalon.core.webservice.keyword.builtin.VerifyElementPropertyValueKeyword.execute(VerifyElementPropertyValueKeyword.groovy:43)
	at com.kms.katalon.core.keyword.internal.KeywordExecutor.executeKeywordForPlatform(KeywordExecutor.groovy:74)
	at com.kms.katalon.core.webservice.keyword.WSBuiltInKeywords.verifyElementPropertyValue(WSBuiltInKeywords.groovy:190)
	at com.kms.katalon.core.webservice.keyword.WSBuiltInKeywords$verifyElementPropertyValue$2.call(Unknown Source)
	at Addition.run(Addition:24)
	at com.kms.katalon.core.main.ScriptEngine.run(ScriptEngine.java:194)
	at com.kms.katalon.core.main.ScriptEngine.runScriptAsRawText(ScriptEngine.java:119)
	at com.kms.katalon.core.main.TestCaseExecutor.runScript(TestCaseExecutor.java:448)
	at com.kms.katalon.core.main.TestCaseExecutor.doExecute(TestCaseExecutor.java:439)
	at com.kms.katalon.core.main.TestCaseExecutor.processExecutionPhase(TestCaseExecutor.java:418)
	at com.kms.katalon.core.main.TestCaseExecutor.accessMainPhase(TestCaseExecutor.java:410)
	at com.kms.katalon.core.main.TestCaseExecutor.execute(TestCaseExecutor.java:285)
	at com.kms.katalon.core.main.TestCaseExecutor.execute(TestCaseExecutor.java:369)
	at com.kms.katalon.core.main.TestCaseExecutor.execute(TestCaseExecutor.java:369)
	at com.kms.katalon.core.main.TestCaseExecutor.execute(TestCaseExecutor.java:369)
	at com.kms.katalon.core.common.CommonExecutor.accessTestCaseMainPhase(CommonExecutor.java:65)
	at com.kms.katalon.core.main.TestSuiteExecutor.accessTestSuiteMainPhase(TestSuiteExecutor.java:151)
	at com.kms.katalon.core.main.TestSuiteExecutor.execute(TestSuiteExecutor.java:106)
	at com.kms.katalon.core.main.TestCaseMain.startTestSuite(TestCaseMain.java:185)
	at com.kms.katalon.core.main.TestCaseMain$startTestSuite$0.call(Unknown Source)
	at TempTestSuite1673403512200.run(TempTestSuite1673403512200.groovy:36)
)]]></system-out>
         <system-err><![CDATA[2023-01-11 10:19:20 - [TEST_CASE][FAILED] - Test Cases/CalculatorTest/Addition: Test Cases/CalculatorTest/Addition FAILED.
Reason:
com.kms.katalon.core.exception.StepFailedException: Expected element property value '5' is not equal with actual property value '6'
	at com.kms.katalon.core.keyword.internal.KeywordMain.stepFailed(KeywordMain.groovy:50)
	at com.kms.katalon.core.webservice.keyword.builtin.VerifyElementPropertyValueKeyword$_verifyElementPropertyValue_closure1.doCall(VerifyElementPropertyValueKeyword.groovy:56)
	at com.kms.katalon.core.webservice.keyword.builtin.VerifyElementPropertyValueKeyword$_verifyElementPropertyValue_closure1.call(VerifyElementPropertyValueKeyword.groovy)
	at com.kms.katalon.core.keyword.internal.KeywordMain.runKeyword(KeywordMain.groovy:74)
	at com.kms.katalon.core.webservice.keyword.builtin.VerifyElementPropertyValueKeyword.verifyElementPropertyValue(VerifyElementPropertyValueKeyword.groovy:48)
	at com.kms.katalon.core.webservice.keyword.builtin.VerifyElementPropertyValueKeyword.execute(VerifyElementPropertyValueKeyword.groovy:43)
	at com.kms.katalon.core.keyword.internal.KeywordExecutor.executeKeywordForPlatform(KeywordExecutor.groovy:74)
	at com.kms.katalon.core.webservice.keyword.WSBuiltInKeywords.verifyElementPropertyValue(WSBuiltInKeywords.groovy:190)
	at com.kms.katalon.core.webservice.keyword.WSBuiltInKeywords$verifyElementPropertyValue$2.call(Unknown Source)
	at Addition.run(Addition:24)
	at com.kms.katalon.core.main.ScriptEngine.run(ScriptEngine.java:194)
	at com.kms.katalon.core.main.ScriptEngine.runScriptAsRawText(ScriptEngine.java:119)
	at com.kms.katalon.core.main.TestCaseExecutor.runScript(TestCaseExecutor.java:448)
	at com.kms.katalon.core.main.TestCaseExecutor.doExecute(TestCaseExecutor.java:439)
	at com.kms.katalon.core.main.TestCaseExecutor.processExecutionPhase(TestCaseExecutor.java:418)
	at com.kms.katalon.core.main.TestCaseExecutor.accessMainPhase(TestCaseExecutor.java:410)
	at com.kms.katalon.core.main.TestCaseExecutor.execute(TestCaseExecutor.java:285)
	at com.kms.katalon.core.main.TestCaseExecutor.execute(TestCaseExecutor.java:369)
	at com.kms.katalon.core.main.TestCaseExecutor.execute(TestCaseExecutor.java:369)
	at com.kms.katalon.core.main.TestCaseExecutor.execute(TestCaseExecutor.java:369)
	at com.kms.katalon.core.common.CommonExecutor.accessTestCaseMainPhase(CommonExecutor.java:65)
	at com.kms.katalon.core.main.TestSuiteExecutor.accessTestSuiteMainPhase(TestSuiteExecutor.java:151)
	at com.kms.katalon.core.main.TestSuiteExecutor.execute(TestSuiteExecutor.java:106)
	at com.kms.katalon.core.main.TestCaseMain.startTestSuite(TestCaseMain.java:185)
	at com.kms.katalon.core.main.TestCaseMain$startTestSuite$0.call(Unknown Source)
	at TempTestSuite1673403512200.run(TempTestSuite1673403512200.groovy:36)]]></system-err>
      </testcase>
      <testcase name="Test Cases/GetBankDetails" time="4.367" classname="Test Cases/GetBankDetails" status="PASSED">
         <system-out><![CDATA[2023-01-11 10:19:29 - [TEST_CASE][PASSED] - Test Cases/GetBankDetails: Test Cases/GetBankDetails

2023-01-11 10:19:30 - [TEST_STEP][PASSED] - sendRequest(findTestObject("SOAP Service/BLZServiceSOAP11Binding/getBank")): Send request successfully

2023-01-11 10:19:33 - [MESSAGE][INFO] - HAR: C:\Users\jjabay\Katalon Studio\API Demo Project 1\Reports\20230111_101832\TestSuite1\20230111_101832\requests\main\8.har

2023-01-11 10:19:33 - [MESSAGE][PASSED] - Send request successfully]]></system-out>
         <system-err><![CDATA[]]></system-err>
      </testcase>
      <testcase name="Test Cases/TestHTTPMethods" time="12.318" classname="Test Cases/TestHTTPMethods" status="PASSED">
         <system-out><![CDATA[2023-01-11 10:19:33 - [TEST_CASE][PASSED] - Test Cases/TestHTTPMethods: Test Cases/TestHTTPMethods

2023-01-11 10:19:34 - [TEST_STEP][PASSED] - sendRequestAndVerify(findTestObject("UserRestService/ListUsers")): Send request and verify the response successfully

2023-01-11 10:19:38 - [MESSAGE][INFO] - HAR: C:\Users\jjabay\Katalon Studio\API Demo Project 1\Reports\20230111_101832\TestSuite1\20230111_101832\requests\main\9.har

2023-01-11 10:19:38 - [TEST_CASE][PASSED] - Start Test Case : Verification: Verification accomplished successfully

2023-01-11 10:19:38 - [TEST_STEP][PASSED] - request = getInstance().getCurrentRequest(): null

2023-01-11 10:19:38 - [TEST_STEP][PASSED] - response = getInstance().getCurrentResponse(): null

2023-01-11 10:19:38 - [TEST_STEP][PASSED] - verifyResponseStatusCode(response, 200): Verify response status code successfully

2023-01-11 10:19:38 - [MESSAGE][PASSED] - Verify response status code successfully

2023-01-11 10:19:38 - [TEST_STEP][PASSED] - getStatusCode()).isEqualTo(200): null

2023-01-11 10:19:38 - [TEST_STEP][PASSED] - verifyElementPropertyValue(response, "data[1].first_name", "Lindsay"): Verify element property value successfully

2023-01-11 10:19:38 - [MESSAGE][PASSED] - Verify element property value successfully

2023-01-11 10:19:38 - [MESSAGE][PASSED] - Verify response successfully

2023-01-11 10:19:38 - [MESSAGE][PASSED] - All validation steps have been passed

2023-01-11 10:19:38 - [MESSAGE][PASSED] - Send request and verify the response successfully

2023-01-11 10:19:38 - [TEST_STEP][PASSED] - sendRequestAndVerify(findTestObject("UserRestService/DeleteUser")): Send request and verify the response successfully

2023-01-11 10:19:41 - [MESSAGE][INFO] - HAR: C:\Users\jjabay\Katalon Studio\API Demo Project 1\Reports\20230111_101832\TestSuite1\20230111_101832\requests\main\10.har

2023-01-11 10:19:41 - [TEST_CASE][PASSED] - Start Test Case : Verification: Verification accomplished successfully

2023-01-11 10:19:41 - [TEST_STEP][PASSED] - request = getInstance().getCurrentRequest(): null

2023-01-11 10:19:41 - [TEST_STEP][PASSED] - response = getInstance().getCurrentResponse(): null

2023-01-11 10:19:41 - [TEST_STEP][PASSED] - verifyResponseStatusCode(response, 204): Verify response status code successfully

2023-01-11 10:19:41 - [MESSAGE][PASSED] - Verify response status code successfully

2023-01-11 10:19:41 - [TEST_STEP][PASSED] - getStatusCode()).isEqualTo(204): null

2023-01-11 10:19:41 - [MESSAGE][PASSED] - Verify response successfully

2023-01-11 10:19:41 - [MESSAGE][PASSED] - All validation steps have been passed

2023-01-11 10:19:41 - [MESSAGE][PASSED] - Send request and verify the response successfully

2023-01-11 10:19:41 - [TEST_STEP][PASSED] - sendRequestAndVerify(findTestObject("UserRestService/UpdateUser")): Send request and verify the response successfully

2023-01-11 10:19:42 - [MESSAGE][INFO] - HAR: C:\Users\jjabay\Katalon Studio\API Demo Project 1\Reports\20230111_101832\TestSuite1\20230111_101832\requests\main\11.har

2023-01-11 10:19:42 - [TEST_CASE][PASSED] - Start Test Case : Verification: Verification accomplished successfully

2023-01-11 10:19:43 - [TEST_STEP][PASSED] - request = getInstance().getCurrentRequest(): null

2023-01-11 10:19:43 - [TEST_STEP][PASSED] - response = getInstance().getCurrentResponse(): null

2023-01-11 10:19:43 - [TEST_STEP][PASSED] - verifyResponseStatusCode(response, 200): Verify response status code successfully

2023-01-11 10:19:43 - [MESSAGE][PASSED] - Verify response status code successfully

2023-01-11 10:19:43 - [TEST_STEP][PASSED] - getStatusCode()).isEqualTo(200): null

2023-01-11 10:19:43 - [MESSAGE][PASSED] - Verify response successfully

2023-01-11 10:19:43 - [MESSAGE][PASSED] - All validation steps have been passed

2023-01-11 10:19:43 - [MESSAGE][PASSED] - Send request and verify the response successfully

2023-01-11 10:19:43 - [TEST_STEP][PASSED] - sendRequestAndVerify(findTestObject("UserRestService/CreateUser")): Send request and verify the response successfully

2023-01-11 10:19:45 - [MESSAGE][INFO] - HAR: C:\Users\jjabay\Katalon Studio\API Demo Project 1\Reports\20230111_101832\TestSuite1\20230111_101832\requests\main\12.har

2023-01-11 10:19:45 - [TEST_CASE][PASSED] - Start Test Case : Verification: Verification accomplished successfully

2023-01-11 10:19:46 - [TEST_STEP][PASSED] - request = getInstance().getCurrentRequest(): null

2023-01-11 10:19:46 - [TEST_STEP][PASSED] - response = getInstance().getCurrentResponse(): null

2023-01-11 10:19:46 - [TEST_STEP][PASSED] - verifyResponseStatusCode(response, 201): Verify response status code successfully

2023-01-11 10:19:46 - [MESSAGE][PASSED] - Verify response status code successfully

2023-01-11 10:19:46 - [TEST_STEP][PASSED] - getStatusCode()).isEqualTo(201): null

2023-01-11 10:19:46 - [MESSAGE][PASSED] - Verify response successfully

2023-01-11 10:19:46 - [MESSAGE][PASSED] - All validation steps have been passed

2023-01-11 10:19:46 - [MESSAGE][PASSED] - Send request and verify the response successfully]]></system-out>
         <system-err><![CDATA[]]></system-err>
      </testcase>
      <testcase name="Test Cases/ListUsersTest" time="4.173" classname="Test Cases/ListUsersTest" status="PASSED">
         <system-out><![CDATA[2023-01-11 10:19:46 - [TEST_CASE][PASSED] - Test Cases/ListUsersTest: Test Cases/ListUsersTest

2023-01-11 10:19:47 - [TEST_STEP][PASSED] - sendRequest(findTestObject("UserRestService/ListUsers")): Send request successfully

2023-01-11 10:19:49 - [MESSAGE][INFO] - HAR: C:\Users\jjabay\Katalon Studio\API Demo Project 1\Reports\20230111_101832\TestSuite1\20230111_101832\requests\main\13.har

2023-01-11 10:19:49 - [MESSAGE][PASSED] - Send request successfully

2023-01-11 10:19:49 - [TEST_STEP][PASSED] - response = sendRequestAndVerify(findTestObject("UserRestService/ListUsers")): Send request and verify the response successfully

2023-01-11 10:19:49 - [MESSAGE][INFO] - HAR: C:\Users\jjabay\Katalon Studio\API Demo Project 1\Reports\20230111_101832\TestSuite1\20230111_101832\requests\main\14.har

2023-01-11 10:19:49 - [TEST_CASE][PASSED] - Start Test Case : Verification: Verification accomplished successfully

2023-01-11 10:19:50 - [TEST_STEP][PASSED] - request = getInstance().getCurrentRequest(): null

2023-01-11 10:19:50 - [TEST_STEP][PASSED] - response = getInstance().getCurrentResponse(): null

2023-01-11 10:19:50 - [TEST_STEP][PASSED] - verifyResponseStatusCode(response, 200): Verify response status code successfully

2023-01-11 10:19:50 - [MESSAGE][PASSED] - Verify response status code successfully

2023-01-11 10:19:50 - [TEST_STEP][PASSED] - getStatusCode()).isEqualTo(200): null

2023-01-11 10:19:50 - [TEST_STEP][PASSED] - verifyElementPropertyValue(response, "data[1].first_name", "Lindsay"): Verify element property value successfully

2023-01-11 10:19:50 - [MESSAGE][PASSED] - Verify element property value successfully

2023-01-11 10:19:50 - [MESSAGE][PASSED] - Verify response successfully

2023-01-11 10:19:50 - [MESSAGE][PASSED] - All validation steps have been passed

2023-01-11 10:19:50 - [MESSAGE][PASSED] - Send request and verify the response successfully

2023-01-11 10:19:50 - [TEST_STEP][PASSED] - verifyElementPropertyValue(response, "data[1].first_name", "Lindsay"): Verify element property value successfully

2023-01-11 10:19:50 - [MESSAGE][PASSED] - Verify element property value successfully

2023-01-11 10:19:50 - [TEST_STEP][PASSED] - verifyElementPropertyValue(response, "data[1].id", "8"): Verify element property value successfully

2023-01-11 10:19:50 - [MESSAGE][PASSED] - Verify element property value successfully

2023-01-11 10:19:50 - [TEST_STEP][PASSED] - verifyElementsCount(response, "data", 6): Verify element count successfully

2023-01-11 10:19:50 - [MESSAGE][PASSED] - Verify element count successfully]]></system-out>
         <system-err><![CDATA[]]></system-err>
      </testcase>
      <system-out><![CDATA[2023-01-11 10:18:58 - [TEST_SUITE][FAILED] - TestSuite1: Test Cases/CalculatorTest/Addition FAILED.
Reason:
com.kms.katalon.core.exception.StepFailedException: Expected element property value '5' is not equal with actual property value '6'
	at com.kms.katalon.core.keyword.internal.KeywordMain.stepFailed(KeywordMain.groovy:50)
	at com.kms.katalon.core.webservice.keyword.builtin.VerifyElementPropertyValueKeyword$_verifyElementPropertyValue_closure1.doCall(VerifyElementPropertyValueKeyword.groovy:56)
	at com.kms.katalon.core.webservice.keyword.builtin.VerifyElementPropertyValueKeyword$_verifyElementPropertyValue_closure1.call(VerifyElementPropertyValueKeyword.groovy)
	at com.kms.katalon.core.keyword.internal.KeywordMain.runKeyword(KeywordMain.groovy:74)
	at com.kms.katalon.core.webservice.keyword.builtin.VerifyElementPropertyValueKeyword.verifyElementPropertyValue(VerifyElementPropertyValueKeyword.groovy:48)
	at com.kms.katalon.core.webservice.keyword.builtin.VerifyElementPropertyValueKeyword.execute(VerifyElementPropertyValueKeyword.groovy:43)
	at com.kms.katalon.core.keyword.internal.KeywordExecutor.executeKeywordForPlatform(KeywordExecutor.groovy:74)
	at com.kms.katalon.core.webservice.keyword.WSBuiltInKeywords.verifyElementPropertyValue(WSBuiltInKeywords.groovy:190)
	at com.kms.katalon.core.webservice.keyword.WSBuiltInKeywords$verifyElementPropertyValue$2.call(Unknown Source)
	at Addition.run(Addition:24)
	at com.kms.katalon.core.main.ScriptEngine.run(ScriptEngine.java:194)
	at com.kms.katalon.core.main.ScriptEngine.runScriptAsRawText(ScriptEngine.java:119)
	at com.kms.katalon.core.main.TestCaseExecutor.runScript(TestCaseExecutor.java:448)
	at com.kms.katalon.core.main.TestCaseExecutor.doExecute(TestCaseExecutor.java:439)
	at com.kms.katalon.core.main.TestCaseExecutor.processExecutionPhase(TestCaseExecutor.java:418)
	at com.kms.katalon.core.main.TestCaseExecutor.accessMainPhase(TestCaseExecutor.java:410)
	at com.kms.katalon.core.main.TestCaseExecutor.execute(TestCaseExecutor.java:285)
	at com.kms.katalon.core.common.CommonExecutor.accessTestCaseMainPhase(CommonExecutor.java:65)
	at com.kms.katalon.core.main.TestSuiteExecutor.accessTestSuiteMainPhase(TestSuiteExecutor.java:151)
	at com.kms.katalon.core.main.TestSuiteExecutor.execute(TestSuiteExecutor.java:106)
	at com.kms.katalon.core.main.TestCaseMain.startTestSuite(TestCaseMain.java:185)
	at com.kms.katalon.core.main.TestCaseMain$startTestSuite$0.call(Unknown Source)
	at TempTestSuite1673403512200.run(TempTestSuite1673403512200.groovy:36)]]></system-out>
      <system-err><![CDATA[2023-01-11 10:18:58 - [TEST_SUITE][FAILED] - TestSuite1: Test Cases/CalculatorTest/Addition FAILED.
Reason:
com.kms.katalon.core.exception.StepFailedException: Expected element property value '5' is not equal with actual property value '6'
	at com.kms.katalon.core.keyword.internal.KeywordMain.stepFailed(KeywordMain.groovy:50)
	at com.kms.katalon.core.webservice.keyword.builtin.VerifyElementPropertyValueKeyword$_verifyElementPropertyValue_closure1.doCall(VerifyElementPropertyValueKeyword.groovy:56)
	at com.kms.katalon.core.webservice.keyword.builtin.VerifyElementPropertyValueKeyword$_verifyElementPropertyValue_closure1.call(VerifyElementPropertyValueKeyword.groovy)
	at com.kms.katalon.core.keyword.internal.KeywordMain.runKeyword(KeywordMain.groovy:74)
	at com.kms.katalon.core.webservice.keyword.builtin.VerifyElementPropertyValueKeyword.verifyElementPropertyValue(VerifyElementPropertyValueKeyword.groovy:48)
	at com.kms.katalon.core.webservice.keyword.builtin.VerifyElementPropertyValueKeyword.execute(VerifyElementPropertyValueKeyword.groovy:43)
	at com.kms.katalon.core.keyword.internal.KeywordExecutor.executeKeywordForPlatform(KeywordExecutor.groovy:74)
	at com.kms.katalon.core.webservice.keyword.WSBuiltInKeywords.verifyElementPropertyValue(WSBuiltInKeywords.groovy:190)
	at com.kms.katalon.core.webservice.keyword.WSBuiltInKeywords$verifyElementPropertyValue$2.call(Unknown Source)
	at Addition.run(Addition:24)
	at com.kms.katalon.core.main.ScriptEngine.run(ScriptEngine.java:194)
	at com.kms.katalon.core.main.ScriptEngine.runScriptAsRawText(ScriptEngine.java:119)
	at com.kms.katalon.core.main.TestCaseExecutor.runScript(TestCaseExecutor.java:448)
	at com.kms.katalon.core.main.TestCaseExecutor.doExecute(TestCaseExecutor.java:439)
	at com.kms.katalon.core.main.TestCaseExecutor.processExecutionPhase(TestCaseExecutor.java:418)
	at com.kms.katalon.core.main.TestCaseExecutor.accessMainPhase(TestCaseExecutor.java:410)
	at com.kms.katalon.core.main.TestCaseExecutor.execute(TestCaseExecutor.java:285)
	at com.kms.katalon.core.common.CommonExecutor.accessTestCaseMainPhase(CommonExecutor.java:65)
	at com.kms.katalon.core.main.TestSuiteExecutor.accessTestSuiteMainPhase(TestSuiteExecutor.java:151)
	at com.kms.katalon.core.main.TestSuiteExecutor.execute(TestSuiteExecutor.java:106)
	at com.kms.katalon.core.main.TestCaseMain.startTestSuite(TestCaseMain.java:185)
	at com.kms.katalon.core.main.TestCaseMain$startTestSuite$0.call(Unknown Source)
	at TempTestSuite1673403512200.run(TempTestSuite1673403512200.groovy:36)]]></system-err>
   </testsuite>
</testsuites>
